<?xml version="1.0" encoding="UTF-8"?>
<!-- Generated by org.testng.reporters.JUnitReportReporter -->
<testsuite hostname="MCDWPUSHKAR" name="basicAPI_5" tests="1" failures="0" timestamp="6 Dec 2017 13:20:31 GMT" time="3.878" errors="0">
  <testcase name="getAPI" time="3.878" classname="basicAPI_5"/>
</testsuite> <!-- basicAPI_5 -->
