<?xml version="1.0" encoding="UTF-8"?>
<!-- Generated by org.testng.reporters.JUnitReportReporter -->
<testsuite hostname="MCDWPUSHKAR" name="basicAPI_4" tests="1" failures="0" timestamp="6 Dec 2017 11:06:21 GMT" time="2.801" errors="0">
  <testcase name="postAPI" time="2.801" classname="basicAPI_4"/>
</testsuite> <!-- basicAPI_4 -->
