<?xml version="1.0" encoding="UTF-8"?>
<!-- Generated by org.testng.reporters.JUnitReportReporter -->
<testsuite hostname="MCDWPUSHKAR" name="basicAPI_3" tests="1" failures="0" timestamp="6 Dec 2017 10:22:37 GMT" time="2.996" errors="0">
  <testcase name="deleteAPI" time="2.996" classname="basicAPI_3"/>
</testsuite> <!-- basicAPI_3 -->
