<?xml version="1.0" encoding="UTF-8"?>
<!-- Generated by org.testng.reporters.JUnitReportReporter -->
<testsuite hostname="MCDWPUSHKAR" name="basicAPI_2" tests="1" failures="0" timestamp="5 Dec 2017 15:12:27 GMT" time="2.707" errors="0">
  <testcase name="postAPI" time="2.707" classname="basicAPI_2"/>
</testsuite> <!-- basicAPI_2 -->
